Current local time and date: Thu Feb 25 15:44:21 2016
[  NORMAL ]  Importing materials data from HDF5...
[  NORMAL ]  Creating surfaces...
[  NORMAL ]  Creating cells...
[  NORMAL ]  Creating universes...
[  NORMAL ]  Creating geometry...
[  NORMAL ]  Initializing the track generator...
[  NORMAL ]  Importing ray tracing data from file...
[  NORMAL ]  Computing the eigenvalue...
[  NORMAL ]  Iteration 0:	k_eff = 4.736461	res = 0.000E+00
[  NORMAL ]  Iteration 1:	k_eff = 6.054684	res = 3.736E+00
[  NORMAL ]  Iteration 2:	k_eff = 6.524943	res = 2.783E-01
[  NORMAL ]  Iteration 3:	k_eff = 6.695971	res = 7.767E-02
[  NORMAL ]  Iteration 4:	k_eff = 6.760208	res = 2.621E-02
[  NORMAL ]  Iteration 5:	k_eff = 6.785587	res = 9.593E-03
[  NORMAL ]  Iteration 6:	k_eff = 6.796358	res = 3.754E-03
[  NORMAL ]  Iteration 7:	k_eff = 6.801335	res = 1.587E-03
[  NORMAL ]  Iteration 8:	k_eff = 6.803862	res = 7.323E-04
[  NORMAL ]  Iteration 9:	k_eff = 6.805243	res = 3.714E-04
[  NORMAL ]  Iteration 10:	k_eff = 6.806046	res = 2.032E-04
[  NORMAL ]  Iteration 11:	k_eff = 6.806527	res = 1.178E-04
[  NORMAL ]  Iteration 12:	k_eff = 6.806833	res = 7.074E-05
[  NORMAL ]  Iteration 13:	k_eff = 6.807015	res = 4.497E-05
[  NORMAL ]  Iteration 14:	k_eff = 6.807137	res = 2.665E-05
[  NORMAL ]  Iteration 15:	k_eff = 6.807216	res = 1.794E-05
[  NORMAL ]  Iteration 16:	k_eff = 6.807261	res = 1.155E-05
[  TITLE  ]  *******************************************************************
[  TITLE  ]                             TIMING REPORT                           
[  TITLE  ]  *******************************************************************
[  RESULT ]  Total time to solution...............................1.1909E-02 sec
[  RESULT ]  Solution time per iteration..........................7.0055E-04 sec
[  RESULT ]  Time per segment integration.........................5.0327E-07 sec
[SEPARATOR]  -------------------------------------------------------------------
[  RESULT ]             # tracks          # segments          # FSRs
[SEPARATOR]  -------------------------------------------------------------------
[  RESULT ]                 116               116               1               
[SEPARATOR]  -------------------------------------------------------------------
[  NORMAL ]  Plotting data...
[  NORMAL ]  Plotting the quadrature...
[  NORMAL ]  Plotting the tracks...
[  NORMAL ]  Plotting the track segments...
[  NORMAL ]  Plotting the materials...
[  NORMAL ]  Plotting the cells...
[  NORMAL ]  Plotting the flat source regions...
[  NORMAL ]  Plotting the FSR scalar fluxes...
