Current local time and date: Sat Feb 27 19:52:28 2016
[  NORMAL ]  Importing materials data from HDF5...
[  NORMAL ]  Creating surfaces...
[  NORMAL ]  Creating cells...
[  NORMAL ]  Creating universes...
[  NORMAL ]  Creating geometry...
[  NORMAL ]  Initializing the track generator...
[  NORMAL ]  Importing ray tracing data from file...
[  NORMAL ]  Computing the eigenvalue...
[  NORMAL ]  Iteration 0:	k_eff = 1.206753	res = 0.000E+00
[  NORMAL ]  Iteration 1:	k_eff = 1.992262	res = 6.274E-01
[  NORMAL ]  Iteration 2:	k_eff = 2.555839	res = 6.128E-01
[  NORMAL ]  Iteration 3:	k_eff = 2.782069	res = 2.695E-01
[  NORMAL ]  Iteration 4:	k_eff = 2.841520	res = 1.035E-01
[  NORMAL ]  Iteration 5:	k_eff = 2.846808	res = 3.196E-02
[  NORMAL ]  Iteration 6:	k_eff = 2.841452	res = 5.925E-03
[  NORMAL ]  Iteration 7:	k_eff = 2.836861	res = 2.233E-03
[  NORMAL ]  Iteration 8:	k_eff = 2.834168	res = 3.027E-03
[  NORMAL ]  Iteration 9:	k_eff = 2.832551	res = 2.490E-03
[  NORMAL ]  Iteration 10:	k_eff = 2.831375	res = 1.872E-03
[  NORMAL ]  Iteration 11:	k_eff = 2.830386	res = 1.431E-03
[  NORMAL ]  Iteration 12:	k_eff = 2.829518	res = 1.137E-03
[  NORMAL ]  Iteration 13:	k_eff = 2.828764	res = 9.289E-04
[  NORMAL ]  Iteration 14:	k_eff = 2.828122	res = 7.671E-04
[  NORMAL ]  Iteration 15:	k_eff = 2.827585	res = 6.344E-04
[  NORMAL ]  Iteration 16:	k_eff = 2.827138	res = 5.237E-04
[  NORMAL ]  Iteration 17:	k_eff = 2.826769	res = 4.313E-04
[  NORMAL ]  Iteration 18:	k_eff = 2.826465	res = 3.547E-04
[  NORMAL ]  Iteration 19:	k_eff = 2.826215	res = 2.914E-04
[  NORMAL ]  Iteration 20:	k_eff = 2.826010	res = 2.394E-04
[  NORMAL ]  Iteration 21:	k_eff = 2.825841	res = 1.965E-04
[  NORMAL ]  Iteration 22:	k_eff = 2.825703	res = 1.612E-04
[  NORMAL ]  Iteration 23:	k_eff = 2.825589	res = 1.323E-04
[  NORMAL ]  Iteration 24:	k_eff = 2.825495	res = 1.086E-04
[  NORMAL ]  Iteration 25:	k_eff = 2.825419	res = 8.911E-05
[  NORMAL ]  Iteration 26:	k_eff = 2.825357	res = 7.306E-05
[  NORMAL ]  Iteration 27:	k_eff = 2.825305	res = 5.991E-05
[  NORMAL ]  Iteration 28:	k_eff = 2.825264	res = 4.915E-05
[  NORMAL ]  Iteration 29:	k_eff = 2.825229	res = 4.033E-05
[  NORMAL ]  Iteration 30:	k_eff = 2.825200	res = 3.301E-05
[  NORMAL ]  Iteration 31:	k_eff = 2.825176	res = 2.711E-05
[  NORMAL ]  Iteration 32:	k_eff = 2.825157	res = 2.228E-05
[  NORMAL ]  Iteration 33:	k_eff = 2.825142	res = 1.828E-05
[  NORMAL ]  Iteration 34:	k_eff = 2.825130	res = 1.499E-05
[  NORMAL ]  Iteration 35:	k_eff = 2.825119	res = 1.229E-05
[  NORMAL ]  Iteration 36:	k_eff = 2.825110	res = 1.005E-05
[  TITLE  ]  *******************************************************************
[  TITLE  ]                             TIMING REPORT                           
[  TITLE  ]  *******************************************************************
[  RESULT ]  Total time to solution...............................5.3164E-02 sec
[  RESULT ]  Solution time per iteration..........................1.4369E-03 sec
[  RESULT ]  Time per segment integration.........................1.1469E-07 sec
[SEPARATOR]  -------------------------------------------------------------------
[  RESULT ]             # tracks          # segments          # FSRs
[SEPARATOR]  -------------------------------------------------------------------
[  RESULT ]                 116               1044               81             
[  RESULT ]  ...   
[SEPARATOR]  -------------------------------------------------------------------
[  NORMAL ]  Plotting data...
[  NORMAL ]  Plotting the quadrature...
[  NORMAL ]  Plotting the tracks...
[  NORMAL ]  Plotting the track segments...
[  NORMAL ]  Plotting the materials...
[  NORMAL ]  Plotting the cells...
[  NORMAL ]  Plotting the flat source regions...
[  NORMAL ]  Plotting the FSR scalar fluxes...
[  NORMAL ]  Plotting the scalar fluxes vs. energy...
